# JRE version: OpenJDK Runtime Environment Temurin-17.0.2+8 (17.0.2+8) (build 17.0.2+8)
# Java VM: OpenJDK 64-Bit Server VM Temurin-17.0.2+8 (17.0.2+8, mixed mode, tiered, compressed oops, compressed class ptrs, g1 gc, bsd-aarch64)
GC Precious Log:
 CPUs: 8 total, 8 available
 Memory: 8192M
 Large Page Support: Disabled
 NUMA Support: Disabled
 Compressed Oops: Enabled (Zero based)
 Heap Region Size: 1M
 Heap Min Capacity: 8M
 Heap Initial Capacity: 128M
 Heap Max Capacity: 2G
 Pre-touch: Disabled
 Parallel Workers: 8
 Concurrent Workers: 2
 Concurrent Refinement Workers: 8
 Periodic GC: Disabled
Heap:
 garbage-first heap   total 30720K, used 10967K [0x0000000780000000, 0x0000000800000000)
  region size 1024K, 2 young (2048K), 1 survivors (1024K)
 Metaspace       used 23964K, committed 24192K, reserved 1073152K
  class space    used 3102K, committed 3200K, reserved 1048576K
GC Heap History (8 events):
Event: 0.513 GC heap before
{Heap before GC invocations=0 (full 0):
 garbage-first heap   total 131072K, used 22528K [0x0000000780000000, 0x0000000800000000)
  region size 1024K, 23 young (23552K), 0 survivors (0K)
 Metaspace       used 14574K, committed 14720K, reserved 1064960K
  class space    used 1594K, committed 1664K, reserved 1048576K
}
Event: 0.527 GC heap after
{Heap after GC invocations=1 (full 0):
 garbage-first heap   total 131072K, used 3386K [0x0000000780000000, 0x0000000800000000)
  region size 1024K, 3 young (3072K), 3 survivors (3072K)
 Metaspace       used 14574K, committed 14720K, reserved 1064960K
  class space    used 1594K, committed 1664K, reserved 1048576K
}
Event: 0.933 GC heap before
{Heap before GC invocations=1 (full 0):
 garbage-first heap   total 131072K, used 32058K [0x0000000780000000, 0x0000000800000000)
  region size 1024K, 32 young (32768K), 3 survivors (3072K)
 Metaspace       used 21274K, committed 21504K, reserved 1073152K
  class space    used 2811K, committed 2944K, reserved 1048576K
}
Event: 0.936 GC heap after
{Heap after GC invocations=2 (full 0):
 garbage-first heap   total 131072K, used 7630K [0x0000000780000000, 0x0000000800000000)
  region size 1024K, 4 young (4096K), 4 survivors (4096K)
 Metaspace       used 21274K, committed 21504K, reserved 1073152K
  class space    used 2811K, committed 2944K, reserved 1048576K
}
Event: 91.193 GC heap before
{Heap before GC invocations=3 (full 0):
 garbage-first heap   total 30720K, used 21966K [0x0000000780000000, 0x0000000800000000)
  region size 1024K, 15 young (15360K), 4 survivors (4096K)
 Metaspace       used 23802K, committed 24000K, reserved 1073152K
  class space    used 3101K, committed 3200K, reserved 1048576K
}
Event: 91.196 GC heap after
{Heap after GC invocations=4 (full 0):
 garbage-first heap   total 30720K, used 10696K [0x0000000780000000, 0x0000000800000000)
  region size 1024K, 2 young (2048K), 2 survivors (2048K)
 Metaspace       used 23802K, committed 24000K, reserved 1073152K
  class space    used 3101K, committed 3200K, reserved 1048576K
}
Event: 98.411 GC heap before
{Heap before GC invocations=4 (full 0):
 garbage-first heap   total 30720K, used 11720K [0x0000000780000000, 0x0000000800000000)
  region size 1024K, 3 young (3072K), 2 survivors (2048K)
 Metaspace       used 23960K, committed 24192K, reserved 1073152K
  class space    used 3102K, committed 3200K, reserved 1048576K
}
Event: 98.415 GC heap after
{Heap after GC invocations=5 (full 0):
 garbage-first heap   total 30720K, used 10967K [0x0000000780000000, 0x0000000800000000)
  region size 1024K, 1 young (1024K), 1 survivors (1024K)
 Metaspace       used 23960K, committed 24192K, reserved 1073152K
  class space    used 3102K, committed 3200K, reserved 1048576K
}

