# JRE version: OpenJDK Runtime Environment Temurin-17.0.2+8 (17.0.2+8) (build 17.0.2+8)
# Java VM: OpenJDK 64-Bit Server VM Temurin-17.0.2+8 (17.0.2+8, mixed mode, tiered, compressed oops, compressed class ptrs, g1 gc, bsd-aarch64)
GC Precious Log:
 CPUs: 8 total, 8 available
 Memory: 8192M
 Large Page Support: Disabled
 NUMA Support: Disabled
 Compressed Oops: Enabled (Zero based)
 Heap Region Size: 1M
 Heap Min Capacity: 8M
 Heap Initial Capacity: 128M
 Heap Max Capacity: 2G
 Pre-touch: Disabled
 Parallel Workers: 8
 Concurrent Workers: 2
 Concurrent Refinement Workers: 8
 Periodic GC: Disabled
Heap:
 garbage-first heap   total 30720K, used 10827K [0x0000000780000000, 0x0000000800000000)
  region size 1024K, 2 young (2048K), 1 survivors (1024K)
 Metaspace       used 23997K, committed 24192K, reserved 1073152K
  class space    used 3100K, committed 3200K, reserved 1048576K
GC Heap History (8 events):
Event: 0.438 GC heap before
{Heap before GC invocations=0 (full 0):
 garbage-first heap   total 131072K, used 22528K [0x0000000780000000, 0x0000000800000000)
  region size 1024K, 23 young (23552K), 0 survivors (0K)
 Metaspace       used 14427K, committed 14656K, reserved 1064960K
  class space    used 1566K, committed 1664K, reserved 1048576K
}
Event: 0.441 GC heap after
{Heap after GC invocations=1 (full 0):
 garbage-first heap   total 131072K, used 3501K [0x0000000780000000, 0x0000000800000000)
  region size 1024K, 3 young (3072K), 3 survivors (3072K)
 Metaspace       used 14427K, committed 14656K, reserved 1064960K
  class space    used 1566K, committed 1664K, reserved 1048576K
}
Event: 0.806 GC heap before
{Heap before GC invocations=1 (full 0):
 garbage-first heap   total 131072K, used 32173K [0x0000000780000000, 0x0000000800000000)
  region size 1024K, 33 young (33792K), 3 survivors (3072K)
 Metaspace       used 21319K, committed 21504K, reserved 1073152K
  class space    used 2817K, committed 2944K, reserved 1048576K
}
Event: 0.808 GC heap after
{Heap after GC invocations=2 (full 0):
 garbage-first heap   total 131072K, used 7254K [0x0000000780000000, 0x0000000800000000)
  region size 1024K, 4 young (4096K), 4 survivors (4096K)
 Metaspace       used 21319K, committed 21504K, reserved 1073152K
  class space    used 2817K, committed 2944K, reserved 1048576K
}
Event: 11.494 GC heap before
{Heap before GC invocations=3 (full 0):
 garbage-first heap   total 30720K, used 21590K [0x0000000780000000, 0x0000000800000000)
  region size 1024K, 15 young (15360K), 4 survivors (4096K)
 Metaspace       used 23779K, committed 24064K, reserved 1073152K
  class space    used 3089K, committed 3200K, reserved 1048576K
}
Event: 11.501 GC heap after
{Heap after GC invocations=4 (full 0):
 garbage-first heap   total 30720K, used 10762K [0x0000000780000000, 0x0000000800000000)
  region size 1024K, 2 young (2048K), 2 survivors (2048K)
 Metaspace       used 23779K, committed 24064K, reserved 1073152K
  class space    used 3089K, committed 3200K, reserved 1048576K
}
Event: 17.343 GC heap before
{Heap before GC invocations=4 (full 0):
 garbage-first heap   total 30720K, used 11786K [0x0000000780000000, 0x0000000800000000)
  region size 1024K, 3 young (3072K), 2 survivors (2048K)
 Metaspace       used 23925K, committed 24128K, reserved 1073152K
  class space    used 3099K, committed 3200K, reserved 1048576K
}
Event: 17.345 GC heap after
{Heap after GC invocations=5 (full 0):
 garbage-first heap   total 30720K, used 10827K [0x0000000780000000, 0x0000000800000000)
  region size 1024K, 1 young (1024K), 1 survivors (1024K)
 Metaspace       used 23925K, committed 24128K, reserved 1073152K
  class space    used 3099K, committed 3200K, reserved 1048576K
}

